<?xml version="1.0" encoding="UTF-8" ?>
<testsuite errors="1" failures="0" hostname="admin" name="ANT.AllTests" skipped="0" tests="2" time="325.1" timestamp="2014-09-09T11:19:53">
  <properties>
    <property name="java.vendor" value="Oracle Corporation" />
    <property name="env.JENKINS_SERVER_COOKIE" value="7cc5684fb2548d2c" />
    <property name="sun.java.launcher" value="SUN_STANDARD" />
    <property name="start.time" value="09/09/2014 04:49 PM" />
    <property name="sun.management.compiler" value="HotSpot Client Compiler" />
    <property name="env.PROMPT" value="$P$G" />
    <property name="test.reportsDir" value="D:\Eclipse workspace\ANTProject\report" />
    <property name="os.name" value="Windows 7" />
    <property name="env.FP_NO_HOST_CHECK" value="NO" />
    <property name="sun.boot.class.path" value="C:\Program Files\Java\jre7\lib\resources.jar;C:\Program Files\Java\jre7\lib\rt.jar;C:\Program Files\Java\jre7\lib\sunrsasign.jar;C:\Program Files\Java\jre7\lib\jsse.jar;C:\Program Files\Java\jre7\lib\jce.jar;C:\Program Files\Java\jre7\lib\charsets.jar;C:\Program Files\Java\jre7\lib\jfr.jar;C:\Program Files\Java\jre7\classes" />
    <property name="ws.home" value="D:\Eclipse workspace\ANTProject" />
    <property name="env.COMPUTERNAME" value="ADMIN" />
    <property name="TODAY" value="September 9 2014" />
    <property name="env.ALLUSERSPROFILE" value="C:\ProgramData" />
    <property name="sun.desktop" value="windows" />
    <property name="java.vm.specification.vendor" value="Oracle Corporation" />
    <property name="ant.home" value="C:\apache-ant-1.9.4" />
    <property name="java.runtime.version" value="1.7.0_55-b13" />
    <property name="env.BUILD_DISPLAY_NAME" value="#13" />
    <property name="env.HOMEPATH" value="\Users\Nexii" />
    <property name="test.classpath" value="D:\jars\SaxonLiaison.jar:D:\jars\junit-4.11.jar:D:\jars\jxl-2.6.12.jar:D:\jars\log4j-1.2.17.jar:D:\jars\saxon-8.7.jar:D:\jars\selendroid-client-0.10.0.jar:D:\jars\selendroid-standalone-0.10.0-with-dependencies.jar:D:\jars\selenium-safari-driver-2.41.0.jar:D:\jars\selenium-server-standalone-2.42.2.jar:D:\jars\testng-6.8.jar" />
    <property name="user.name" value="Nexii" />
    <property name="user.language" value="en" />
    <property name="sun.boot.library.path" value="C:\Program Files\Java\jre7\bin" />
    <property name="ant.project.default-target" value="usage" />
    <property name="ant.project.name" value="Junit_Ant" />
    <property name="DSTAMP" value="20140909" />
    <property name="java.version" value="1.7.0_55" />
    <property name="env.PROCESSOR_IDENTIFIER" value="x86 Family 6 Model 15 Stepping 13, GenuineIntel" />
    <property name="user.timezone" value="" />
    <property name="env.NODE_NAME" value="master" />
    <property name="env.TEMP" value="C:\Users\Nexii\AppData\Local\Temp" />
    <property name="sun.arch.data.model" value="32" />
    <property name="java.endorsed.dirs" value="C:\Program Files\Java\jre7\lib\endorsed" />
    <property name="env._JAVACMD" value="java.exe" />
    <property name="sun.cpu.isalist" value="pentium_pro+mmx pentium_pro pentium+mmx pentium i486 i386 i86" />
    <property name="env.HOMEDRIVE" value="C:" />
    <property name="sun.jnu.encoding" value="Cp1252" />
    <property name="file.encoding.pkg" value="sun.io" />
    <property name="file.separator" value="\" />
    <property name="java.specification.name" value="Java Platform API Specification" />
    <property name="java.class.version" value="51.0" />
    <property name="user.country" value="US" />
    <property name="env.BUILD_NUMBER" value="13" />
    <property name="java.home" value="C:\Program Files\Java\jre7" />
    <property name="env.PSModulePath" value="C:\Windows\system32\WindowsPowerShell\v1.0\Modules\" />
    <property name="env.ANDROID_HOME" value="C:\adt-bundle-windows-x86-20140702" />
    <property name="env.APPDATA" value="C:\Users\Nexii\AppData\Roaming" />
    <property name="env.PUBLIC" value="C:\Users\Public" />
    <property name="java.vm.info" value="mixed mode, sharing" />
    <property name="env.ComSpec" value="C:\Windows\system32\cmd.exe" />
    <property name="env.OS" value="Windows_NT" />
    <property name="env.CommonProgramFiles" value="C:\Program Files\Common Files" />
    <property name="ant.file" value="D:\Eclipse workspace\ANTProject\build.xml" />
    <property name="os.version" value="6.1" />
    <property name="env._USE_CLASSPATH" value="no" />
    <property name="env.HUDSON_COOKIE" value="d9362ac0-e809-48da-adde-3fc341e72678" />
    <property name="env.Ant_home" value="C:\apache-ant-1.9.4" />
    <property name="path.separator" value=";" />
    <property name="ant.file.Junit_Ant" value="D:\Eclipse workspace\ANTProject\build.xml" />
    <property name="java.vm.version" value="24.55-b03" />
    <property name="user.variant" value="" />
    <property name="env.USERPROFILE" value="C:\Users\Nexii" />
    <property name="ant.library.dir" value="C:\apache-ant-1.9.4\lib" />
    <property name="env.JOB_NAME" value="AntProject" />
    <property name="java.awt.printerjob" value="sun.awt.windows.WPrinterJob" />
    <property name="env.TMP" value="C:\Users\Nexii\AppData\Local\Temp" />
    <property name="sun.io.unicode.encoding" value="UnicodeLittle" />
    <property name="awt.toolkit" value="sun.awt.windows.WToolkit" />
    <property name="user.script" value="" />
    <property name="env.HUDSON_URL" value="http://localhost:8080/" />
    <property name="env.BUILD_TAG" value="jenkins-AntProject-13" />
    <property name="user.home" value="C:\Users\Nexii" />
    <property name="test.dest" value="D:\Eclipse workspace\ANTProject/build" />
    <property name="env.JENKINS_HOME" value="C:\Users\Nexii\.jenkins" />
    <property name="env.JOB_URL" value="http://localhost:8080/job/AntProject/" />
    <property name="env.ProgramData" value="C:\ProgramData" />
    <property name="env.SESSIONNAME" value="Console" />
    <property name="java.specification.vendor" value="Oracle Corporation" />
    <property name="env.M2_HOME" value="D:\softs\apache-maven-3.2.3" />
    <property name="env.NUMBER_OF_PROCESSORS" value="2" />
    <property name="java.library.path" value="C:\Program Files\Java\jre7\bin;C:\Windows\Sun\Java\bin;C:\Windows\system32;C:\Windows;/bin;/bin;C:\Windows\system32;C:\Windows;C:\Windows\System32\Wbem;C:\Windows\System32\WindowsPowerShell\v1.0\;C:\Program Files\Java\jdk1.7.0_55\bin\;C:\apache-ant-1.9.4\bin;D:\softs\apache-maven-3.2.3\bin;C:\Program Files\Java\jdk1.7.0_55\bin;C:\adt-bundle-windows-x86-20140702\tools;C:\adt-bundle-windows-x86-20140702\sdk\platform-tools;C:\Program Files\SlikSvn\bin;C:\Windows\system32;C:\Windows;C:\Windows\System32\Wbem;C:\Windows\System32\WindowsPowerShell\v1.0\;C:\Program Files\Java\jdk1.7.0_55\bin\;C:\apache-ant-1.9.4\bin;D:\softs\apache-maven-3.2.3\bin;C:\Program Files\Java\jdk1.7.0_55\bin;C:\adt-bundle-windows-x86-20140702\tools;C:\adt-bundle-windows-x86-20140702\sdk\platform-tools;." />
    <property name="java.vendor.url" value="http://java.oracle.com/" />
    <property name="env.HUDSON_HOME" value="C:\Users\Nexii\.jenkins" />
    <property name="java.vm.vendor" value="Oracle Corporation" />
    <property name="env.HUDSON_SERVER_COOKIE" value="7cc5684fb2548d2c" />
    <property name="java.runtime.name" value="Java(TM) SE Runtime Environment" />
    <property name="ant.file.type.Junit_Ant" value="file" />
    <property name="java.class.path" value="D:\Eclipse workspace\ANTProject\build;D:\jars\SaxonLiaison.jar;D:\jars\junit-4.11.jar;D:\jars\jxl-2.6.12.jar;D:\jars\log4j-1.2.17.jar;D:\jars\saxon-8.7.jar;D:\jars\selendroid-client-0.10.0.jar;D:\jars\selendroid-standalone-0.10.0-with-dependencies.jar;D:\jars\selenium-safari-driver-2.41.0.jar;D:\jars\selenium-server-standalone-2.42.2.jar;D:\jars\testng-6.8.jar;C:\apache-ant-1.9.4\lib\ant-launcher.jar;C:\apache-ant-1.9.4\lib\ant.jar;C:\apache-ant-1.9.4\lib\ant-junit.jar;C:\apache-ant-1.9.4\lib\ant-junit4.jar" />
    <property name="sun.java.command" value="org.apache.tools.ant.taskdefs.optional.junit.JUnitTestRunner ANT.AllTests skipNonTests=false filtertrace=true haltOnError=false haltOnFailure=false formatter=org.apache.tools.ant.taskdefs.optional.junit.SummaryJUnitResultFormatter showoutput=false outputtoformatters=true logfailedtests=true threadid=0 logtestlistenerevents=false formatter=org.apache.tools.ant.taskdefs.optional.junit.XMLJUnitResultFormatter,D:\Eclipse workspace\ANTProject\report\TEST-ANT.AllTests.xml crashfile=D:\Eclipse workspace\ANTProject\junitvmwatcher8515158079969745681.properties propsfile=D:\Eclipse workspace\ANTProject\junit8274562151838228303.properties" />
    <property name="ant.version" value="Apache Ant(TM) version 1.9.4 compiled on April 29 2014" />
    <property name="env.EXECUTOR_NUMBER" value="1" />
    <property name="TSTAMP" value="1649" />
    <property name="ws.jars" value="D:\jars" />
    <property name="java.vm.specification.name" value="Java Virtual Machine Specification" />
    <property name="ant.file.type" value="file" />
    <property name="env.windir" value="C:\Windows" />
    <property name="env.LOGONSERVER" value="\\ADMIN" />
    <property name="env.PROCESSOR_ARCHITECTURE" value="x86" />
    <property name="java.vm.specification.version" value="1.7" />
    <property name="sun.cpu.endian" value="little" />
    <property name="sun.os.patch.level" value="Service Pack 1" />
    <property name="env.ProgramFiles" value="C:\Program Files" />
    <property name="env.BUILD_URL" value="http://localhost:8080/job/AntProject/13/" />
    <property name="env.PROCESSOR_REVISION" value="0f0d" />
    <property name="java.io.tmpdir" value="C:\Users\Nexii\AppData\Local\Temp\" />
    <property name="test.src" value="D:\Eclipse workspace\ANTProject/src" />
    <property name="java.vendor.url.bug" value="http://bugreport.sun.com/bugreport/" />
    <property name="env.SystemRoot" value="C:\Windows" />
    <property name="os.arch" value="x86" />
    <property name="env.ANT_CMD_LINE_ARGS" value=" clean compile run" />
    <property name="java.awt.graphicsenv" value="sun.awt.Win32GraphicsEnvironment" />
    <property name="java.ext.dirs" value="C:\Program Files\Java\jre7\lib\ext;C:\Windows\Sun\Java\lib\ext" />
    <property name="env.=D:" value="D:\Eclipse workspace\ANTProject" />
    <property name="env.BUILD_ID" value="2014-09-09_16-49-49" />
    <property name="user.dir" value="D:\Eclipse workspace\ANTProject" />
    <property name="env.LOCALAPPDATA" value="C:\Users\Nexii\AppData\Local" />
    <property name="line.separator" value="&#xd;&#xa;" />
    <property name="java.vm.name" value="Java HotSpot(TM) Client VM" />
    <property name="env.JENKINS_URL" value="http://localhost:8080/" />
    <property name="ANT" value="${env.ANT_HOME}/bin/ant.bat" />
    <property name="env.PATHEXT" value=".COM;.EXE;.BAT;.CMD;.VBS;.VBE;.JS;.JSE;.WSF;.WSH;.MSC" />
    <property name="env.Path" value="/bin;/bin;C:\Windows\system32;C:\Windows;C:\Windows\System32\Wbem;C:\Windows\System32\WindowsPowerShell\v1.0\;C:\Program Files\Java\jdk1.7.0_55\bin\;C:\apache-ant-1.9.4\bin;D:\softs\apache-maven-3.2.3\bin;C:\Program Files\Java\jdk1.7.0_55\bin;C:\adt-bundle-windows-x86-20140702\tools;C:\adt-bundle-windows-x86-20140702\sdk\platform-tools;C:\Program Files\SlikSvn\bin;C:\Windows\system32;C:\Windows;C:\Windows\System32\Wbem;C:\Windows\System32\WindowsPowerShell\v1.0\;C:\Program Files\Java\jdk1.7.0_55\bin\;C:\apache-ant-1.9.4\bin;D:\softs\apache-maven-3.2.3\bin;C:\Program Files\Java\jdk1.7.0_55\bin;C:\adt-bundle-windows-x86-20140702\tools;C:\adt-bundle-windows-x86-20140702\sdk\platform-tools" />
    <property name="basedir" value="D:\Eclipse workspace\ANTProject" />
    <property name="ant.java.version" value="1.7" />
    <property name="ant.core.lib" value="C:\apache-ant-1.9.4\lib\ant.jar" />
    <property name="env.USERNAME" value="Nexii" />
    <property name="env.SystemDrive" value="C:" />
    <property name="file.encoding" value="Cp1252" />
    <property name="env.WORKSPACE" value="C:\Users\Nexii\.jenkins\workspace\AntProject" />
    <property name="env.USERDOMAIN" value="ADMIN" />
    <property name="java.specification.version" value="1.7" />
    <property name="env.=C:" value="C:\Users\Nexii\.jenkins\workspace\AntProject" />
    <property name="ant.project.invoked-targets" value="clean,compile,run" />
    <property name="env.PROCESSOR_LEVEL" value="6" />
    <property name="env.NODE_LABELS" value="master" />
  </properties>
  <testcase classname="ANT.Google" name="test" time="142.205" />
  <testcase classname="ANT.Yahoo" name="test1" time="182.612">
    <error message="no such window: target window already closed&#xa;from unknown error: web view not found&#xa;  (Session info: chrome=37.0.2062.103)&#xa;  (Driver info: chromedriver=2.9.248315,platform=Windows NT 6.1 SP1 x86) (WARNING: The server did not provide any stacktrace information)&#xa;Command duration or timeout: 8 milliseconds&#xa;Build info: version: &apos;unknown&apos;, revision: &apos;unknown&apos;, time: &apos;unknown&apos;&#xa;System info: host: &apos;admin&apos;, ip: &apos;192.168.5.122&apos;, os.name: &apos;Windows 7&apos;, os.arch: &apos;x86&apos;, os.version: &apos;6.1&apos;, java.version: &apos;1.7.0_55&apos;&#xa;Session ID: 8a60ca48e6f2cf1377cd0dcdf2dec1f4&#xa;Driver info: org.openqa.selenium.chrome.ChromeDriver&#xa;Capabilities [{platform=XP, acceptSslCerts=true, javascriptEnabled=true, browserName=chrome, chrome={userDataDir=C:\Users\Nexii\AppData\Local\Temp\scoped_dir5184_3630}, rotatable=false, locationContextEnabled=true, version=37.0.2062.103, takesHeapSnapshot=true, cssSelectorsEnabled=true, databaseEnabled=false, handlesAlerts=true, browserConnectionEnabled=false, nativeEvents=true, webStorageEnabled=true, applicationCacheEnabled=false, takesScreenshot=true}]" type="org.openqa.selenium.NoSuchWindowException">org.openqa.selenium.NoSuchWindowException: no such window: target window already closed
from unknown error: web view not found
  (Session info: chrome=37.0.2062.103)
  (Driver info: chromedriver=2.9.248315,platform=Windows NT 6.1 SP1 x86) (WARNING: The server did not provide any stacktrace information)
Command duration or timeout: 8 milliseconds
Build info: version: &apos;unknown&apos;, revision: &apos;unknown&apos;, time: &apos;unknown&apos;
System info: host: &apos;admin&apos;, ip: &apos;192.168.5.122&apos;, os.name: &apos;Windows 7&apos;, os.arch: &apos;x86&apos;, os.version: &apos;6.1&apos;, java.version: &apos;1.7.0_55&apos;
Session ID: 8a60ca48e6f2cf1377cd0dcdf2dec1f4
Driver info: org.openqa.selenium.chrome.ChromeDriver
Capabilities [{platform=XP, acceptSslCerts=true, javascriptEnabled=true, browserName=chrome, chrome={userDataDir=C:\Users\Nexii\AppData\Local\Temp\scoped_dir5184_3630}, rotatable=false, locationContextEnabled=true, version=37.0.2062.103, takesHeapSnapshot=true, cssSelectorsEnabled=true, databaseEnabled=false, handlesAlerts=true, browserConnectionEnabled=false, nativeEvents=true, webStorageEnabled=true, applicationCacheEnabled=false, takesScreenshot=true}]
	at java.lang.reflect.Constructor.newInstance(Unknown Source)
	at org.openqa.selenium.remote.ErrorHandler.createThrowable(ErrorHandler.java:193)
	at org.openqa.selenium.remote.ErrorHandler.throwIfResponseFailed(ErrorHandler.java:145)
	at org.openqa.selenium.remote.RemoteWebDriver.execute(RemoteWebDriver.java:595)
	at org.openqa.selenium.remote.RemoteWebDriver.execute(RemoteWebDriver.java:610)
	at org.openqa.selenium.remote.RemoteWebDriver.getTitle(RemoteWebDriver.java:309)
	at ANT.Yahoo.test1(Yahoo.java:16)
</error>
  </testcase>
  <system-out><![CDATA[Google
]]></system-out>
  <system-err><![CDATA[Starting ChromeDriver (v2.9.248315) on port 33790
log4j:WARN No appenders could be found for logger (org.apache.http.impl.conn.tsccm.ThreadSafeClientConnManager).
log4j:WARN Please initialize the log4j system properly.
log4j:WARN See http://logging.apache.org/log4j/1.2/faq.html#noconfig for more info.
Starting ChromeDriver (v2.9.248315) on port 47211
]]></system-err>
</testsuite>
